<?xml version="1.0" encoding="UTF-8"?>
<testng-results ignored="0" total="2" passed="2" failed="0" skipped="0">
  <reporter-output>
  </reporter-output>
  <suite started-at="2025-01-08T17:03:28 IST" name="Default suite" finished-at="2025-01-08T17:04:31 IST" duration-ms="62948">
    <groups>
      <group name="cucumber">
        <method signature="AbstractTestNGCucumberTests.runScenario(cucumber.api.testng.PickleEventWrapper,cucumber.api.testng.CucumberFeatureWrapper)[pri:0, instance:Runner.Runners@2dc54ad4]" name="runScenario" class="cucumber.api.testng.AbstractTestNGCucumberTests"/>
      </group> <!-- cucumber -->
    </groups>
    <test started-at="2025-01-08T17:03:28 IST" name="Default test" finished-at="2025-01-08T17:04:31 IST" duration-ms="62948">
      <class name="Runner.Runners">
        <test-method is-config="true" signature="setUpClass()[pri:0, instance:Runner.Runners@2dc54ad4]" started-at="2025-01-08T17:03:28 IST" name="setUpClass" finished-at="2025-01-08T17:03:29 IST" duration-ms="707" status="PASS">
          <reporter-output>
          </reporter-output>
        </test-method> <!-- setUpClass -->
        <test-method signature="runScenario(cucumber.api.testng.PickleEventWrapper,cucumber.api.testng.CucumberFeatureWrapper)[pri:0, instance:Runner.Runners@2dc54ad4]" started-at="2025-01-08T17:03:29 IST" name="runScenario" description="Runs Cucumber Scenarios" data-provider="scenarios" finished-at="2025-01-08T17:03:48 IST" duration-ms="19083" status="PASS">
          <params>
            <param index="0">
              <value>
                <![CDATA["Verify the uer is able to Sign-Up  Successfully or not"]]>
              </value>
            </param>
            <param index="1">
              <value>
                <![CDATA["Luma E-Commarce Site"]]>
              </value>
            </param>
          </params>
          <reporter-output>
          </reporter-output>
        </test-method> <!-- runScenario -->
        <test-method signature="runScenario(cucumber.api.testng.PickleEventWrapper,cucumber.api.testng.CucumberFeatureWrapper)[pri:0, instance:Runner.Runners@2dc54ad4]" started-at="2025-01-08T17:03:48 IST" name="runScenario" description="Runs Cucumber Scenarios" data-provider="scenarios" finished-at="2025-01-08T17:04:30 IST" duration-ms="42366" status="PASS">
          <params>
            <param index="0">
              <value>
                <![CDATA["Verify the uer is able to Sign-Up  Successfully existing user id"]]>
              </value>
            </param>
            <param index="1">
              <value>
                <![CDATA["Luma E-Commarce Site"]]>
              </value>
            </param>
          </params>
          <reporter-output>
          </reporter-output>
        </test-method> <!-- runScenario -->
        <test-method is-config="true" signature="tearDownClass()[pri:0, instance:Runner.Runners@2dc54ad4]" started-at="2025-01-08T17:04:30 IST" name="tearDownClass" finished-at="2025-01-08T17:04:31 IST" duration-ms="700" status="PASS">
          <reporter-output>
          </reporter-output>
        </test-method> <!-- tearDownClass -->
      </class> <!-- Runner.Runners -->
    </test> <!-- Default test -->
  </suite> <!-- Default suite -->
</testng-results>
