<?xml version="1.0" encoding="UTF-8"?>
<!-- Generated by org.testng.reporters.JUnitXMLReporter -->
<testsuite ignored="0" hostname="DESKTOP-SR9RQ1U" failures="0" tests="2" name="Default test" time="62.948" errors="0" timestamp="2025-01-08T17:04:31 IST">
  <testcase classname="cucumber.api.testng.AbstractTestNGCucumberTests" name="runScenario" time="19.083"/>
  <testcase classname="cucumber.api.testng.AbstractTestNGCucumberTests" name="runScenario" time="42.366"/>
</testsuite> <!-- Default test -->
